[ 2026-01-24 13:55:30,073 ] 1025 httpx - INFO - HTTP Request: GET https://dagshub.com/api/v1/user "HTTP/1.1 200 OK"
[ 2026-01-24 13:55:30,089 ] 107 dagshub - INFO - Accessing as Abhi956967
[ 2026-01-24 13:55:31,919 ] 1025 httpx - INFO - HTTP Request: GET https://dagshub.com/api/v1/repos/Abhi956967/networksecurity "HTTP/1.1 200 OK"
[ 2026-01-24 13:55:33,710 ] 1025 httpx - INFO - HTTP Request: GET https://dagshub.com/api/v1/user "HTTP/1.1 200 OK"
[ 2026-01-24 13:55:33,710 ] 107 dagshub - INFO - Initialized MLflow to track repo "Abhi956967/networksecurity"
[ 2026-01-24 13:55:33,710 ] 107 dagshub - INFO - Repository Abhi956967/networksecurity initialized!
[ 2026-01-24 13:56:56,754 ] 42 root - INFO - Start data Ingestion
[ 2026-01-24 13:57:06,123 ] 66 root - INFO - Performed train test split on the dataframe
[ 2026-01-24 13:57:06,123 ] 68 root - INFO - Exited split_data_as_train_test method of Data_Ingestion class
[ 2026-01-24 13:57:06,123 ] 76 root - INFO - Exporting train and test file path.
[ 2026-01-24 13:57:06,187 ] 85 root - INFO - Exported train and test file path.
[ 2026-01-24 13:57:06,193 ] 45 root - INFO - Data Ingestion completed and artifact: DataIngestionArtifact(trained_file_path='Artifacts\\01_24_2026_13_54_31\\data_ingestion\\ingested\\train.csv', test_file_path='Artifacts\\01_24_2026_13_54_31\\data_ingestion\\ingested\\test.csv')
[ 2026-01-24 13:57:06,193 ] 56 root - INFO - Initiate the data Validation
[ 2026-01-24 13:57:06,218 ] 32 root - INFO - Required number of columns:2
[ 2026-01-24 13:57:06,218 ] 33 root - INFO - Data frame has columns:31
[ 2026-01-24 13:57:06,218 ] 32 root - INFO - Required number of columns:2
[ 2026-01-24 13:57:06,218 ] 33 root - INFO - Data frame has columns:31
[ 2026-01-24 13:57:06,371 ] 63 root - INFO - Entered initiate_data_transformation method of DataTransformation class
[ 2026-01-24 13:57:06,371 ] 65 root - INFO - Starting data transformation
[ 2026-01-24 13:57:06,391 ] 48 root - INFO - Entered get_data_trnasformer_object method of Trnasformation class
[ 2026-01-24 13:57:06,391 ] 53 root - INFO - Initialise KNNImputer with {'missing_values': nan, 'n_neighbors': 3, 'weights': 'uniform'}
[ 2026-01-24 13:57:06,401 ] 47 root - INFO - Entered the save_object method of MainUtils class
[ 2026-01-24 13:57:06,403 ] 51 root - INFO - Exited the save_object method of MainUtils class
[ 2026-01-24 13:57:06,403 ] 47 root - INFO - Entered the save_object method of MainUtils class
[ 2026-01-24 13:57:06,405 ] 51 root - INFO - Exited the save_object method of MainUtils class
[ 2026-01-24 14:00:37,564 ] 47 root - INFO - Entered the save_object method of MainUtils class
[ 2026-01-24 14:00:37,564 ] 51 root - INFO - Exited the save_object method of MainUtils class
[ 2026-01-24 14:00:37,564 ] 47 root - INFO - Entered the save_object method of MainUtils class
[ 2026-01-24 14:00:37,564 ] 51 root - INFO - Exited the save_object method of MainUtils class
[ 2026-01-24 14:00:37,564 ] 151 root - INFO - Model trainer artifact: ModelTrainerArtifact(trained_model_file_path='Artifacts\\01_24_2026_13_54_31\\model_trainer\\trained_model\\model.pkl', train_metric_artifact=ClassificationMetricArtifact(f1_score=0.9913958902722948, precision_score=0.9898928643622398, recall_score=0.9929034874290349), test_metric_artifact=ClassificationMetricArtifact(f1_score=0.9745248685806712, precision_score=0.9655448717948718, recall_score=0.9836734693877551))
